GROUP,PACKAGE,CLASS,INSTRUCTION_MISSED,INSTRUCTION_COVERED,BRANCH_MISSED,BRANCH_COVERED,LINE_MISSED,LINE_COVERED,COMPLEXITY_MISSED,COMPLEXITY_COVERED,METHOD_MISSED,METHOD_COVERED
Library Management System,default,Transaction,0,44,0,0,0,17,0,9,0,9
Library Management System,default,Book,0,31,0,0,0,12,0,6,0,6
Library Management System,default,LibraryApp,6,489,3,20,2,126,3,26,0,14
Library Management System,default,LibraryService,10,199,9,23,5,50,9,22,0,15
Library Management System,default,Member,0,21,0,0,0,8,0,4,0,4
