<?xml version="1.0" encoding="UTF-8"?>
<testsuite xmlns:xsi="http://www.w3.org/2001/XMLSchema-instance" xsi:noNamespaceSchemaLocation="https://maven.apache.org/surefire/maven-surefire-plugin/xsd/surefire-test-report-3.0.xsd" version="3.0" name="com.library.service.LibraryServiceTest$BookReturningTests" time="0.004" tests="2" errors="0" skipped="0" failures="0">
  <properties>
[...]
</properties>
  <testcase name="testReturnBookNotBorrowed" classname="com.library.service.LibraryServiceTest$BookReturningTests" time="0">
    <system-out><![CDATA[
⚙️ Setting up test data...
Book added successfully: Effective Java
Book added successfully: Head First Design Patterns
Book added successfully: Effective C++
Book added successfully: Clean Code
Book added successfully: The Pragmatic Programmer
Member added successfully: John Doe
Member added successfully: Jane Smith
Member added successfully: Bob Johnson
Sample data initialized successfully!
📚 Test book created: Test Book
👤 Test member created: Test User
🧪 Running: Should fail to return book not borrowed by member
Book added successfully: Test Book
Member added successfully: Test User
Member has not borrowed this book: Test Book
⚠️ Return correctly failed for non-borrowed book
✅ Book return validation working correctly
🧹 Test cleanup completed.

]]></system-out>
  </testcase>
  <testcase name="testReturnBookSuccess" classname="com.library.service.LibraryServiceTest$BookReturningTests" time="0.002">
    <system-out><![CDATA[
⚙️ Setting up test data...
Book added successfully: Effective Java
Book added successfully: Head First Design Patterns
Book added successfully: Effective C++
Book added successfully: Clean Code
Book added successfully: The Pragmatic Programmer
Member added successfully: John Doe
Member added successfully: Jane Smith
Member added successfully: Bob Johnson
Sample data initialized successfully!
📚 Test book created: Test Book
👤 Test member created: Test User
🧪 Running: Should return book successfully when borrowed
Book added successfully: Test Book
Member added successfully: Test User
Book borrowed successfully: Test Book by Test User
📚 Book borrowed first
📊 Book available before return: false
📊 Member's borrowed books before return: 1
Book returned successfully: Test Book by Test User
📚 Book available after return: true
📊 Member's borrowed books after return: 0
✅ Book return completed successfully
🧹 Test cleanup completed.

]]></system-out>
  </testcase>
</testsuite>